<?xml version="1.0" encoding="UTF-8"?>
<!-- Generated by org.testng.reporters.JUnitReportReporter -->
<testsuite hostname="DESKTOP-9LDSGNB" failures="0" tests="1" name="myframework.PageSetup" time="17.082" errors="0" timestamp="2020-02-22T13:00:18 EST" skipped="0">
  <testcase classname="myframework.PageSetup" name="f" time="17.082"/>
</testsuite> <!-- myframework.PageSetup -->
